C:\PROJECTS\OBJDETECT\DEBUG\OBJDETECT.EXE
C:\PROJECTS\OBJDETECT\DEBUG\OBJDETECT.ILK
C:\PROJECTS\OBJDETECT\DEBUG\OBJDETECT.PDB
C:\Projects\ObjDetect\ObjDetect\Debug\cl.command.1.tlog
C:\Projects\ObjDetect\ObjDetect\Debug\CL.read.1.tlog
C:\Projects\ObjDetect\ObjDetect\Debug\CL.write.1.tlog
C:\PROJECTS\OBJDETECT\OBJDETECT\DEBUG\HARRISDETECTOR.OBJ
C:\Projects\ObjDetect\ObjDetect\Debug\link.1160.read.1.tlog
C:\Projects\ObjDetect\ObjDetect\Debug\link.1160.write.1.tlog
C:\Projects\ObjDetect\ObjDetect\Debug\link.1160-cvtres.read.1.tlog
C:\Projects\ObjDetect\ObjDetect\Debug\link.1160-cvtres.write.1.tlog
C:\Projects\ObjDetect\ObjDetect\Debug\link.1440.read.1.tlog
C:\Projects\ObjDetect\ObjDetect\Debug\link.1440.write.1.tlog
C:\Projects\ObjDetect\ObjDetect\Debug\link.1440-cvtres.read.1.tlog
C:\Projects\ObjDetect\ObjDetect\Debug\link.1440-cvtres.write.1.tlog
C:\Projects\ObjDetect\ObjDetect\Debug\link.2004.read.1.tlog
C:\Projects\ObjDetect\ObjDetect\Debug\link.2004.write.1.tlog
C:\Projects\ObjDetect\ObjDetect\Debug\link.2004-cvtres.read.1.tlog
C:\Projects\ObjDetect\ObjDetect\Debug\link.2004-cvtres.write.1.tlog
C:\Projects\ObjDetect\ObjDetect\Debug\link.212.read.1.tlog
C:\Projects\ObjDetect\ObjDetect\Debug\link.212.write.1.tlog
C:\Projects\ObjDetect\ObjDetect\Debug\link.212-cvtres.read.1.tlog
C:\Projects\ObjDetect\ObjDetect\Debug\link.212-cvtres.write.1.tlog
C:\Projects\ObjDetect\ObjDetect\Debug\link.3592.read.1.tlog
C:\Projects\ObjDetect\ObjDetect\Debug\link.3592.write.1.tlog
C:\Projects\ObjDetect\ObjDetect\Debug\link.3592-cvtres.read.1.tlog
C:\Projects\ObjDetect\ObjDetect\Debug\link.3592-cvtres.write.1.tlog
C:\Projects\ObjDetect\ObjDetect\Debug\link.3656.read.1.tlog
C:\Projects\ObjDetect\ObjDetect\Debug\link.3656.write.1.tlog
C:\Projects\ObjDetect\ObjDetect\Debug\link.3656-cvtres.read.1.tlog
C:\Projects\ObjDetect\ObjDetect\Debug\link.3656-cvtres.write.1.tlog
C:\Projects\ObjDetect\ObjDetect\Debug\link.4256.read.1.tlog
C:\Projects\ObjDetect\ObjDetect\Debug\link.4256.write.1.tlog
C:\Projects\ObjDetect\ObjDetect\Debug\link.4256-cvtres.read.1.tlog
C:\Projects\ObjDetect\ObjDetect\Debug\link.4256-cvtres.write.1.tlog
C:\Projects\ObjDetect\ObjDetect\Debug\link.4296.read.1.tlog
C:\Projects\ObjDetect\ObjDetect\Debug\link.4296.write.1.tlog
C:\Projects\ObjDetect\ObjDetect\Debug\link.4296-cvtres.read.1.tlog
C:\Projects\ObjDetect\ObjDetect\Debug\link.4296-cvtres.write.1.tlog
C:\Projects\ObjDetect\ObjDetect\Debug\link.4544.read.1.tlog
C:\Projects\ObjDetect\ObjDetect\Debug\link.4544.write.1.tlog
C:\Projects\ObjDetect\ObjDetect\Debug\link.4544-cvtres.read.1.tlog
C:\Projects\ObjDetect\ObjDetect\Debug\link.4544-cvtres.write.1.tlog
C:\Projects\ObjDetect\ObjDetect\Debug\link.4548.read.1.tlog
C:\Projects\ObjDetect\ObjDetect\Debug\link.4548.write.1.tlog
C:\Projects\ObjDetect\ObjDetect\Debug\link.4548-cvtres.read.1.tlog
C:\Projects\ObjDetect\ObjDetect\Debug\link.4548-cvtres.write.1.tlog
C:\Projects\ObjDetect\ObjDetect\Debug\link.4616.read.1.tlog
C:\Projects\ObjDetect\ObjDetect\Debug\link.4616.write.1.tlog
C:\Projects\ObjDetect\ObjDetect\Debug\link.4616-cvtres.read.1.tlog
C:\Projects\ObjDetect\ObjDetect\Debug\link.4616-cvtres.write.1.tlog
C:\Projects\ObjDetect\ObjDetect\Debug\link.4772.read.1.tlog
C:\Projects\ObjDetect\ObjDetect\Debug\link.4772.write.1.tlog
C:\Projects\ObjDetect\ObjDetect\Debug\link.4772-cvtres.read.1.tlog
C:\Projects\ObjDetect\ObjDetect\Debug\link.4772-cvtres.write.1.tlog
C:\Projects\ObjDetect\ObjDetect\Debug\link.5112.read.1.tlog
C:\Projects\ObjDetect\ObjDetect\Debug\link.5112.write.1.tlog
C:\Projects\ObjDetect\ObjDetect\Debug\link.5112-cvtres.read.1.tlog
C:\Projects\ObjDetect\ObjDetect\Debug\link.5112-cvtres.write.1.tlog
C:\Projects\ObjDetect\ObjDetect\Debug\link.5724.read.1.tlog
C:\Projects\ObjDetect\ObjDetect\Debug\link.5724.write.1.tlog
C:\Projects\ObjDetect\ObjDetect\Debug\link.5724-cvtres.read.1.tlog
C:\Projects\ObjDetect\ObjDetect\Debug\link.5724-cvtres.write.1.tlog
C:\Projects\ObjDetect\ObjDetect\Debug\link.command.1.tlog
C:\Projects\ObjDetect\ObjDetect\Debug\link.read.1.tlog
C:\Projects\ObjDetect\ObjDetect\Debug\link.write.1.tlog
C:\Projects\ObjDetect\ObjDetect\Debug\link-cvtres.read.1.tlog
C:\Projects\ObjDetect\ObjDetect\Debug\link-cvtres.write.1.tlog
C:\Projects\ObjDetect\ObjDetect\Debug\mt.command.1.tlog
C:\Projects\ObjDetect\ObjDetect\Debug\mt.read.1.tlog
C:\Projects\ObjDetect\ObjDetect\Debug\mt.write.1.tlog
C:\PROJECTS\OBJDETECT\OBJDETECT\DEBUG\OBJDETECT.EXE.EMBED.MANIFEST
C:\PROJECTS\OBJDETECT\OBJDETECT\DEBUG\OBJDETECT.EXE.EMBED.MANIFEST.RES
C:\PROJECTS\OBJDETECT\OBJDETECT\DEBUG\OBJDETECT.EXE.INTERMEDIATE.MANIFEST
C:\PROJECTS\OBJDETECT\OBJDETECT\DEBUG\OBJDETECT.OBJ
C:\PROJECTS\OBJDETECT\OBJDETECT\DEBUG\OBJDETECT.PCH
C:\PROJECTS\OBJDETECT\OBJDETECT\DEBUG\OBJDETECT.RES
C:\Projects\ObjDetect\ObjDetect\Debug\ObjDetect_manifest.rc
C:\PROJECTS\OBJDETECT\OBJDETECT\DEBUG\OBJDETECTDLG.OBJ
C:\Projects\ObjDetect\ObjDetect\Debug\rc.command.1.tlog
C:\Projects\ObjDetect\ObjDetect\Debug\rc.read.1.tlog
C:\Projects\ObjDetect\ObjDetect\Debug\rc.write.1.tlog
C:\PROJECTS\OBJDETECT\OBJDETECT\DEBUG\STDAFX.OBJ
C:\Projects\ObjDetect\ObjDetect\Debug\vc100.idb
C:\PROJECTS\OBJDETECT\OBJDETECT\DEBUG\VC100.PDB
